[debug] [2022-08-30T07:50:34.558Z] ----------------------------------------------------------------------
[debug] [2022-08-30T07:50:34.559Z] Command:       C:\Program Files\nodejs\node.exe C:\Users\채수종\AppData\Roaming\npm\node_modules\firebase-tools\lib\bin\firebase.js init
[debug] [2022-08-30T07:50:34.559Z] CLI Version:   11.8.0
[debug] [2022-08-30T07:50:34.559Z] Platform:      win32
[debug] [2022-08-30T07:50:34.559Z] Node Version:  v16.15.0
[debug] [2022-08-30T07:50:34.561Z] Time:          Tue Aug 30 2022 16:50:34 GMT+0900 (대한민국 표준시)
[debug] [2022-08-30T07:50:34.561Z] ----------------------------------------------------------------------
[debug] 
[debug] [2022-08-30T07:50:34.566Z] > command requires scopes: ["email","openid","https://www.googleapis.com/auth/cloudplatformprojects.readonly","https://www.googleapis.com/auth/firebase","https://www.googleapis.com/auth/cloud-platform"]
[debug] [2022-08-30T07:50:34.567Z] > authorizing via signed-in user (phyzee92@gmail.com)
[info] 
     ######## #### ########  ######## ########     ###     ######  ########
     ##        ##  ##     ## ##       ##     ##  ##   ##  ##       ##
     ######    ##  ########  ######   ########  #########  ######  ######
     ##        ##  ##    ##  ##       ##     ## ##     ##       ## ##
     ##       #### ##     ## ######## ########  ##     ##  ######  ########

You're about to initialize a Firebase project in this directory:

  C:\Users\채수종\playground\showme

[debug] [2022-08-30T07:57:53.331Z] ----------------------------------------------------------------------
[debug] [2022-08-30T07:57:53.332Z] Command:       C:\Program Files\nodejs\node.exe C:\Users\채수종\AppData\Roaming\npm\node_modules\firebase-tools\lib\bin\firebase.js init
[debug] [2022-08-30T07:57:53.332Z] CLI Version:   11.8.0
[debug] [2022-08-30T07:57:53.333Z] Platform:      win32
[debug] [2022-08-30T07:57:53.333Z] Node Version:  v16.15.0
[debug] [2022-08-30T07:57:53.334Z] Time:          Tue Aug 30 2022 16:57:53 GMT+0900 (대한민국 표준시)
[debug] [2022-08-30T07:57:53.334Z] ----------------------------------------------------------------------
[debug] 
[debug] [2022-08-30T07:57:53.339Z] > command requires scopes: ["email","openid","https://www.googleapis.com/auth/cloudplatformprojects.readonly","https://www.googleapis.com/auth/firebase","https://www.googleapis.com/auth/cloud-platform"]
[debug] [2022-08-30T07:57:53.339Z] > authorizing via signed-in user (phyzee92@gmail.com)
[info] 
     ######## #### ########  ######## ########     ###     ######  ########
     ##        ##  ##     ## ##       ##     ##  ##   ##  ##       ##
     ######    ##  ########  ######   ########  #########  ######  ######
     ##        ##  ##    ##  ##       ##     ## ##     ##       ## ##
     ##       #### ##     ## ######## ########  ##     ##  ######  ########

You're about to initialize a Firebase project in this directory:

  C:\Users\채수종\playground\showme

